Build started 5/10/2015 01:27:21 م.
     1>Project "C:\Users\PSC\Desktop\SecondTerm Modify\Computer Graphics\Ref\MyProjectForCG(UserEnter Data Modified)\Enter\Enter.vcxproj" on node 2 (build target(s)).
     1>InitializeBuildStatus:
         Creating "Debug\Enter.unsuccessfulbuild" because "AlwaysCreate" was specified.
       ClCompile:
         C:\Program Files (x86)\Microsoft Visual Studio 10.0\VC\bin\CL.exe /c /ZI /nologo /W3 /WX- /Od /Oy- /D WIN32 /D _DEBUG /D _CONSOLE /D _UNICODE /D UNICODE /Gm /EHsc /RTC1 /MDd /GS /fp:precise /Zc:wchar_t /Zc:forScope /Yc"StdAfx.h" /Fp"Debug\Enter.pch" /Fo"Debug\\" /Fd"Debug\vc100.pdb" /Gd /TP /analyze- /errorReport:prompt stdafx.cpp
         stdafx.cpp
         C:\Program Files (x86)\Microsoft Visual Studio 10.0\VC\bin\CL.exe /c /ZI /nologo /W3 /WX- /Od /Oy- /D WIN32 /D _DEBUG /D _CONSOLE /D _UNICODE /D UNICODE /Gm /EHsc /RTC1 /MDd /GS /fp:precise /Zc:wchar_t /Zc:forScope /Yu"StdAfx.h" /Fp"Debug\Enter.pch" /Fo"Debug\\" /Fd"Debug\vc100.pdb" /Gd /TP /analyze- /errorReport:prompt Enter.cpp
         Enter.cpp
       ManifestResourceCompile:
         C:\Program Files (x86)\Microsoft SDKs\Windows\v7.0A\bin\rc.exe /nologo /fo"Debug\Enter.exe.embed.manifest.res" Debug\Enter_manifest.rc 
       Link:
         C:\Program Files (x86)\Microsoft Visual Studio 10.0\VC\bin\link.exe /ERRORREPORT:PROMPT /OUT:"C:\Users\PSC\Desktop\SecondTerm Modify\Computer Graphics\Ref\MyProjectForCG(UserEnter Data Modified)\Debug\Enter.exe" /INCREMENTAL /NOLOGO kernel32.lib user32.lib gdi32.lib winspool.lib comdlg32.lib advapi32.lib shell32.lib ole32.lib oleaut32.lib uuid.lib odbc32.lib odbccp32.lib /MANIFEST /ManifestFile:"Debug\Enter.exe.intermediate.manifest" /MANIFESTUAC:"level='asInvoker' uiAccess='false'" /DEBUG /PDB:"C:\Users\PSC\Desktop\SecondTerm Modify\Computer Graphics\Ref\MyProjectForCG(UserEnter Data Modified)\Debug\Enter.pdb" /SUBSYSTEM:CONSOLE /TLBID:1 /DYNAMICBASE /NXCOMPAT /IMPLIB:"C:\Users\PSC\Desktop\SecondTerm Modify\Computer Graphics\Ref\MyProjectForCG(UserEnter Data Modified)\Debug\Enter.lib" /MACHINE:X86 Debug\Enter.exe.embed.manifest.res
         Debug\Enter.obj
         Debug\stdafx.obj
       Manifest:
         Deleting file "Debug\Enter.exe.embed.manifest".
         C:\Program Files (x86)\Microsoft SDKs\Windows\v7.0A\bin\mt.exe /nologo /verbose /out:"Debug\Enter.exe.embed.manifest" /manifest Debug\Enter.exe.intermediate.manifest
         C:\Program Files (x86)\Microsoft SDKs\Windows\v7.0A\bin\rc.exe /nologo /fo"Debug\Enter.exe.embed.manifest.res" Debug\Enter_manifest.rc 
       LinkEmbedManifest:
         C:\Program Files (x86)\Microsoft Visual Studio 10.0\VC\bin\link.exe /ERRORREPORT:PROMPT /OUT:"C:\Users\PSC\Desktop\SecondTerm Modify\Computer Graphics\Ref\MyProjectForCG(UserEnter Data Modified)\Debug\Enter.exe" /INCREMENTAL /NOLOGO kernel32.lib user32.lib gdi32.lib winspool.lib comdlg32.lib advapi32.lib shell32.lib ole32.lib oleaut32.lib uuid.lib odbc32.lib odbccp32.lib /MANIFEST /ManifestFile:"Debug\Enter.exe.intermediate.manifest" /MANIFESTUAC:"level='asInvoker' uiAccess='false'" /DEBUG /PDB:"C:\Users\PSC\Desktop\SecondTerm Modify\Computer Graphics\Ref\MyProjectForCG(UserEnter Data Modified)\Debug\Enter.pdb" /SUBSYSTEM:CONSOLE /TLBID:1 /DYNAMICBASE /NXCOMPAT /IMPLIB:"C:\Users\PSC\Desktop\SecondTerm Modify\Computer Graphics\Ref\MyProjectForCG(UserEnter Data Modified)\Debug\Enter.lib" /MACHINE:X86 Debug\Enter.exe.embed.manifest.res
         Debug\Enter.obj
         Debug\stdafx.obj
         Enter.vcxproj -> C:\Users\PSC\Desktop\SecondTerm Modify\Computer Graphics\Ref\MyProjectForCG(UserEnter Data Modified)\Debug\Enter.exe
       FinalizeBuildStatus:
         Deleting file "Debug\Enter.unsuccessfulbuild".
         Touching "Debug\Enter.lastbuildstate".
     1>Done Building Project "C:\Users\PSC\Desktop\SecondTerm Modify\Computer Graphics\Ref\MyProjectForCG(UserEnter Data Modified)\Enter\Enter.vcxproj" (build target(s)).

Build succeeded.

Time Elapsed 00:00:09.11
